<?xml version="1.0" encoding="UTF-8"?>
<testsuite xmlns:xsi="http://www.w3.org/2001/XMLSchema-instance" xsi:noNamespaceSchemaLocation="https://maven.apache.org/surefire/maven-failsafe-plugin/xsd/failsafe-test-report.xsd" version="3.0.1" name="br.com.lpoo.projetolpooe1_luana.TesteJUNIT" time="1.717" tests="1" errors="0" skipped="0" failures="0">
  <properties>
[...]
</properties>
  <testcase name="testePersistencia" classname="br.com.lpoo.projetolpooe1_luana.TesteJUNIT" time="0.058">
    <system-out><![CDATA[Hibernate: alter table tb_departamentos drop constraint FKssl3udwd4w147kiw612un710f
Hibernate: alter table tb_departamentos drop constraint FK_empresa
Hibernate: alter table tb_departamentos drop constraint FKq6mv1v30wo0kxwl5k2t7k7riq
Hibernate: alter table tb_diretores drop constraint FKhyryrw41g0hbd5xpbxu9dwpwo
Hibernate: alter table tb_funcionarios drop constraint FKhpsr9niw6j5hfh0q8q7v6ucxa
Hibernate: alter table tb_pessoas drop constraint FK_empresa
Hibernate: drop table if exists tb_departamentos cascade
Hibernate: drop table if exists tb_diretores cascade
Hibernate: drop table if exists tb_empresa cascade
Hibernate: drop table if exists tb_funcionarios cascade
Hibernate: drop table if exists tb_pessoas cascade
Hibernate: drop sequence if exists hibernate_sequence
Hibernate: create sequence hibernate_sequence start 1 increment 1
Hibernate: create table tb_departamentos (departamentos_id int4 not null, local_departamento varchar(200) not null, nome_departamentos varchar(100) not null, telefone_departamento varchar(11) not null, diretores_id int4, empresa_id int4, funcionarios_id int4, primary key (departamentos_id))
Hibernate: create table tb_diretores (cargo_diretor varchar(100) not null, pessoas_id int4 not null, primary key (pessoas_id))
Hibernate: create table tb_empresa (empresa_id int4 not null, CNPJ_empresa varchar(14) not null, email_empresa varchar(100) not null, endereço_empresa varchar(200) not null, nome_empresa varchar(100) not null, telefone_empresa varchar(10) not null, primary key (empresa_id))
Hibernate: create table tb_funcionarios (pessoas_id int4 not null, primary key (pessoas_id))
Hibernate: create table tb_pessoas (pessoas_id int4 not null, data_nascimento varchar(10) not null, endereco_pessoas varchar(200) not null, nome_pessoas varchar(100) not null, Salario decimal(12,2), empresa_id int4, primary key (pessoas_id))
Hibernate: alter table tb_departamentos add constraint FKssl3udwd4w147kiw612un710f foreign key (diretores_id) references tb_diretores
Hibernate: alter table tb_departamentos add constraint FK_empresa foreign key (empresa_id) references tb_empresa
Hibernate: alter table tb_departamentos add constraint FKq6mv1v30wo0kxwl5k2t7k7riq foreign key (funcionarios_id) references tb_funcionarios
Hibernate: alter table tb_diretores add constraint FKhyryrw41g0hbd5xpbxu9dwpwo foreign key (pessoas_id) references tb_pessoas
Hibernate: alter table tb_funcionarios add constraint FKhpsr9niw6j5hfh0q8q7v6ucxa foreign key (pessoas_id) references tb_pessoas
Hibernate: alter table tb_pessoas add constraint FK_empresa foreign key (empresa_id) references tb_empresa
Hibernate: select nextval ('hibernate_sequence')
Hibernate: insert into tb_pessoas (data_nascimento, empresa_id, endereco_pessoas, nome_pessoas, Salario, pessoas_id) values (?, ?, ?, ?, ?, ?)
Hibernate: insert into tb_diretores (cargo_diretor, pessoas_id) values (?, ?)
Hibernate: select nextval ('hibernate_sequence')
Hibernate: insert into tb_pessoas (data_nascimento, empresa_id, endereco_pessoas, nome_pessoas, Salario, pessoas_id) values (?, ?, ?, ?, ?, ?)
Hibernate: insert into tb_diretores (cargo_diretor, pessoas_id) values (?, ?)
Hibernate: select nextval ('hibernate_sequence')
Hibernate: insert into tb_pessoas (data_nascimento, empresa_id, endereco_pessoas, nome_pessoas, Salario, pessoas_id) values (?, ?, ?, ?, ?, ?)
Hibernate: insert into tb_funcionarios (pessoas_id) values (?)
Hibernate: select nextval ('hibernate_sequence')
Hibernate: insert into tb_pessoas (data_nascimento, empresa_id, endereco_pessoas, nome_pessoas, Salario, pessoas_id) values (?, ?, ?, ?, ?, ?)
Hibernate: insert into tb_funcionarios (pessoas_id) values (?)
Hibernate: select nextval ('hibernate_sequence')
Hibernate: insert into tb_departamentos (diretores_id, empresa_id, funcionarios_id, local_departamento, nome_departamentos, telefone_departamento, departamentos_id) values (?, ?, ?, ?, ?, ?, ?)
Hibernate: select nextval ('hibernate_sequence')
Hibernate: insert into tb_departamentos (diretores_id, empresa_id, funcionarios_id, local_departamento, nome_departamentos, telefone_departamento, departamentos_id) values (?, ?, ?, ?, ?, ?, ?)
Hibernate: select nextval ('hibernate_sequence')
Hibernate: insert into tb_empresa (CNPJ_empresa, email_empresa, endereço_empresa, nome_empresa, telefone_empresa, empresa_id) values (?, ?, ?, ?, ?, ?)
Hibernate: update tb_pessoas set data_nascimento=?, empresa_id=?, endereco_pessoas=?, nome_pessoas=?, Salario=? where pessoas_id=?
Hibernate: update tb_pessoas set data_nascimento=?, empresa_id=?, endereco_pessoas=?, nome_pessoas=?, Salario=? where pessoas_id=?
Hibernate: update tb_pessoas set data_nascimento=?, empresa_id=?, endereco_pessoas=?, nome_pessoas=?, Salario=? where pessoas_id=?
Hibernate: update tb_pessoas set data_nascimento=?, empresa_id=?, endereco_pessoas=?, nome_pessoas=?, Salario=? where pessoas_id=?
Hibernate: update tb_departamentos set diretores_id=?, empresa_id=?, funcionarios_id=?, local_departamento=?, nome_departamentos=?, telefone_departamento=? where departamentos_id=?
Hibernate: update tb_departamentos set diretores_id=?, empresa_id=?, funcionarios_id=?, local_departamento=?, nome_departamentos=?, telefone_departamento=? where departamentos_id=?
]]></system-out>
    <system-err><![CDATA[jul. 17, 2024 10:17:26 AM org.hibernate.ejb.HibernatePersistence logDeprecation
WARN: HHH015016: Encountered a deprecated javax.persistence.spi.PersistenceProvider [org.hibernate.ejb.HibernatePersistence]; use [org.hibernate.jpa.HibernatePersistenceProvider] instead.
jul. 17, 2024 10:17:26 AM org.hibernate.ejb.HibernatePersistence logDeprecation
WARN: HHH015016: Encountered a deprecated javax.persistence.spi.PersistenceProvider [org.hibernate.ejb.HibernatePersistence]; use [org.hibernate.jpa.HibernatePersistenceProvider] instead.
jul. 17, 2024 10:17:26 AM org.hibernate.jpa.internal.util.LogHelper logPersistenceUnitInformation
INFO: HHH000204: Processing PersistenceUnitInfo [
	name: pu_ProjetoLPOOE1
	...]
jul. 17, 2024 10:17:27 AM org.hibernate.Version logVersion
INFO: HHH000412: Hibernate Core {5.3.3.Final}
jul. 17, 2024 10:17:27 AM org.hibernate.cfg.Environment <clinit>
INFO: HHH000206: hibernate.properties not found
jul. 17, 2024 10:17:27 AM org.hibernate.annotations.common.reflection.java.JavaReflectionManager <clinit>
INFO: HCANN000001: Hibernate Commons Annotations {5.0.4.Final}
jul. 17, 2024 10:17:27 AM org.hibernate.engine.jdbc.connections.internal.DriverManagerConnectionProviderImpl configure
WARN: HHH10001002: Using Hibernate built-in connection pool (not for production use!)
jul. 17, 2024 10:17:27 AM org.hibernate.engine.jdbc.connections.internal.DriverManagerConnectionProviderImpl buildCreator
INFO: HHH10001005: using driver [org.postgresql.Driver] at URL [jdbc:postgresql://localhost:5432/ProjetoLPOOE1_Luana]
jul. 17, 2024 10:17:27 AM org.hibernate.engine.jdbc.connections.internal.DriverManagerConnectionProviderImpl buildCreator
INFO: HHH10001001: Connection properties: {password=****, user=postgres}
jul. 17, 2024 10:17:27 AM org.hibernate.engine.jdbc.connections.internal.DriverManagerConnectionProviderImpl buildCreator
INFO: HHH10001003: Autocommit mode: false
jul. 17, 2024 10:17:27 AM org.hibernate.engine.jdbc.connections.internal.DriverManagerConnectionProviderImpl$PooledConnections <init>
INFO: HHH000115: Hibernate connection pool size: 20 (min=1)
jul. 17, 2024 10:17:27 AM org.hibernate.dialect.Dialect <init>
INFO: HHH000400: Using dialect: org.hibernate.dialect.PostgreSQLDialect
jul. 17, 2024 10:17:27 AM org.hibernate.engine.jdbc.env.internal.LobCreatorBuilderImpl useContextualLobCreation
INFO: HHH000424: Disabling contextual LOB creation as createClob() method threw error : java.lang.reflect.InvocationTargetException
jul. 17, 2024 10:17:27 AM org.hibernate.type.BasicTypeRegistry register
INFO: HHH000270: Type registration [java.util.UUID] overrides previous : org.hibernate.type.UUIDBinaryType@2a7b6f69
jul. 17, 2024 10:17:28 AM org.hibernate.resource.transaction.backend.jdbc.internal.DdlTransactionIsolatorNonJtaImpl getIsolatedConnection
INFO: HHH10001501: Connection obtained from JdbcConnectionAccess [org.hibernate.engine.jdbc.env.internal.JdbcEnvironmentInitiator$ConnectionProviderJdbcConnectionAccess@443faa85] for (non-JTA) DDL execution was not in auto-commit mode; the Connection 'local transaction' will be committed and the Connection will be set into auto-commit mode.
jul. 17, 2024 10:17:28 AM org.hibernate.resource.transaction.backend.jdbc.internal.DdlTransactionIsolatorNonJtaImpl getIsolatedConnection
INFO: HHH10001501: Connection obtained from JdbcConnectionAccess [org.hibernate.engine.jdbc.env.internal.JdbcEnvironmentInitiator$ConnectionProviderJdbcConnectionAccess@51ab1ee3] for (non-JTA) DDL execution was not in auto-commit mode; the Connection 'local transaction' will be committed and the Connection will be set into auto-commit mode.
jul. 17, 2024 10:17:28 AM org.hibernate.tool.schema.internal.SchemaCreatorImpl applyImportSources
INFO: HHH000476: Executing import script 'org.hibernate.tool.schema.internal.exec.ScriptSourceInputNonExistentImpl@5f174dd2'
]]></system-err>
  </testcase>
</testsuite>